-------------------------------------------------------------------------------
Test set: models.EndangeredAnimalsTest
-------------------------------------------------------------------------------
Tests run: 11, Failures: 0, Errors: 11, Skipped: 0, Time elapsed: 0.649 sec <<< FAILURE! - in models.EndangeredAnimalsTest
update_updatesAnimalDetails(models.EndangeredAnimalsTest)  Time elapsed: 0.547 sec  <<< ERROR!
org.sql2o.Sql2oException: Could not acquire a connection from DataSource - The connection attempt failed.
Caused by: org.postgresql.util.PSQLException: The connection attempt failed.
Caused by: java.net.UnknownHostException: aoizczhjwnjwso:4dd97d27fc56f55ec91001a254fc9be4e9205d50e84c4548c03036ca81bbee2d@ec2-52-202-22-140.compute-1.amazonaws.com

endangered_instantiatesCorrectly_true(models.EndangeredAnimalsTest)  Time elapsed: 0.002 sec  <<< ERROR!
org.sql2o.Sql2oException: Could not acquire a connection from DataSource - The connection attempt failed.
Caused by: org.postgresql.util.PSQLException: The connection attempt failed.
Caused by: java.net.UnknownHostException: aoizczhjwnjwso:4dd97d27fc56f55ec91001a254fc9be4e9205d50e84c4548c03036ca81bbee2d@ec2-52-202-22-140.compute-1.amazonaws.com

removeById_removesAnimalById(models.EndangeredAnimalsTest)  Time elapsed: 0.003 sec  <<< ERROR!
org.sql2o.Sql2oException: Could not acquire a connection from DataSource - The connection attempt failed.
Caused by: org.postgresql.util.PSQLException: The connection attempt failed.
Caused by: java.net.UnknownHostException: aoizczhjwnjwso:4dd97d27fc56f55ec91001a254fc9be4e9205d50e84c4548c03036ca81bbee2d@ec2-52-202-22-140.compute-1.amazonaws.com

removeAll_clearsAnimalDatabase(models.EndangeredAnimalsTest)  Time elapsed: 0.003 sec  <<< ERROR!
org.sql2o.Sql2oException: Could not acquire a connection from DataSource - The connection attempt failed.
Caused by: org.postgresql.util.PSQLException: The connection attempt failed.
Caused by: java.net.UnknownHostException: aoizczhjwnjwso:4dd97d27fc56f55ec91001a254fc9be4e9205d50e84c4548c03036ca81bbee2d@ec2-52-202-22-140.compute-1.amazonaws.com

save_savesAnimalToTheDatabase(models.EndangeredAnimalsTest)  Time elapsed: 0.003 sec  <<< ERROR!
org.sql2o.Sql2oException: Could not acquire a connection from DataSource - The connection attempt failed.
Caused by: org.postgresql.util.PSQLException: The connection attempt failed.
Caused by: java.net.UnknownHostException: aoizczhjwnjwso:4dd97d27fc56f55ec91001a254fc9be4e9205d50e84c4548c03036ca81bbee2d@ec2-52-202-22-140.compute-1.amazonaws.com

getAll_returnsAllInstancesOfAnimal(models.EndangeredAnimalsTest)  Time elapsed: 0.002 sec  <<< ERROR!
org.sql2o.Sql2oException: Could not acquire a connection from DataSource - The connection attempt failed.
Caused by: org.postgresql.util.PSQLException: The connection attempt failed.
Caused by: java.net.UnknownHostException: aoizczhjwnjwso:4dd97d27fc56f55ec91001a254fc9be4e9205d50e84c4548c03036ca81bbee2d@ec2-52-202-22-140.compute-1.amazonaws.com

save_assignsIdToAnimal(models.EndangeredAnimalsTest)  Time elapsed: 0.001 sec  <<< ERROR!
org.sql2o.Sql2oException: Could not acquire a connection from DataSource - The connection attempt failed.
Caused by: org.postgresql.util.PSQLException: The connection attempt failed.
Caused by: java.net.UnknownHostException: aoizczhjwnjwso:4dd97d27fc56f55ec91001a254fc9be4e9205d50e84c4548c03036ca81bbee2d@ec2-52-202-22-140.compute-1.amazonaws.com

endangered_instantiatesWithName_String(models.EndangeredAnimalsTest)  Time elapsed: 0.002 sec  <<< ERROR!
org.sql2o.Sql2oException: Could not acquire a connection from DataSource - The connection attempt failed.
Caused by: org.postgresql.util.PSQLException: The connection attempt failed.
Caused by: java.net.UnknownHostException: aoizczhjwnjwso:4dd97d27fc56f55ec91001a254fc9be4e9205d50e84c4548c03036ca81bbee2d@ec2-52-202-22-140.compute-1.amazonaws.com

find_returnsAnimalWithSameId_secondAnimal(models.EndangeredAnimalsTest)  Time elapsed: 0.001 sec  <<< ERROR!
org.sql2o.Sql2oException: Could not acquire a connection from DataSource - The connection attempt failed.
Caused by: org.postgresql.util.PSQLException: The connection attempt failed.
Caused by: java.net.UnknownHostException: aoizczhjwnjwso:4dd97d27fc56f55ec91001a254fc9be4e9205d50e84c4548c03036ca81bbee2d@ec2-52-202-22-140.compute-1.amazonaws.com

equals_returnsTrueIfNameAndRangerIdAreSame_true(models.EndangeredAnimalsTest)  Time elapsed: 0.001 sec  <<< ERROR!
org.sql2o.Sql2oException: Could not acquire a connection from DataSource - The connection attempt failed.
Caused by: org.postgresql.util.PSQLException: The connection attempt failed.
Caused by: java.net.UnknownHostException: aoizczhjwnjwso:4dd97d27fc56f55ec91001a254fc9be4e9205d50e84c4548c03036ca81bbee2d@ec2-52-202-22-140.compute-1.amazonaws.com

endangered_instantiatesWithRangerId_int(models.EndangeredAnimalsTest)  Time elapsed: 0.001 sec  <<< ERROR!
org.sql2o.Sql2oException: Could not acquire a connection from DataSource - The connection attempt failed.
Caused by: org.postgresql.util.PSQLException: The connection attempt failed.
Caused by: java.net.UnknownHostException: aoizczhjwnjwso:4dd97d27fc56f55ec91001a254fc9be4e9205d50e84c4548c03036ca81bbee2d@ec2-52-202-22-140.compute-1.amazonaws.com

