<?xml version="1.0" encoding="UTF-8"?>
<testsuite xmlns:xsi="http://www.w3.org/2001/XMLSchema-instance" xsi:schemaLocation="https://maven.apache.org/surefire/maven-surefire-plugin/xsd/surefire-test-report.xsd" name="models.EndangeredAnimalsTest" time="12.308" tests="11" errors="11" skipped="0" failures="0">
  <properties>
[...]
</properties>
  <testcase name="update_updatesAnimalDetails" classname="models.EndangeredAnimalsTest" time="1.566">
    <error message="Could not acquire a connection from DataSource - FATAL: no pg_hba.conf entry for host &quot;41.84.152.6&quot;, user &quot;ubehwyfjkxozzy&quot;, database &quot;d8jlcrqdig8sdv&quot;, SSL off" type="org.sql2o.Sql2oException">org.sql2o.Sql2oException: Could not acquire a connection from DataSource - FATAL: no pg_hba.conf entry for host "41.84.152.6", user "ubehwyfjkxozzy", database "d8jlcrqdig8sdv", SSL off
Caused by: org.postgresql.util.PSQLException: FATAL: no pg_hba.conf entry for host "41.84.152.6", user "ubehwyfjkxozzy", database "d8jlcrqdig8sdv", SSL off
</error>
  </testcase>
  <testcase name="endangered_instantiatesCorrectly_true" classname="models.EndangeredAnimalsTest" time="0.599">
    <error message="Could not acquire a connection from DataSource - FATAL: no pg_hba.conf entry for host &quot;41.84.152.6&quot;, user &quot;ubehwyfjkxozzy&quot;, database &quot;d8jlcrqdig8sdv&quot;, SSL off" type="org.sql2o.Sql2oException">org.sql2o.Sql2oException: Could not acquire a connection from DataSource - FATAL: no pg_hba.conf entry for host "41.84.152.6", user "ubehwyfjkxozzy", database "d8jlcrqdig8sdv", SSL off
Caused by: org.postgresql.util.PSQLException: FATAL: no pg_hba.conf entry for host "41.84.152.6", user "ubehwyfjkxozzy", database "d8jlcrqdig8sdv", SSL off
</error>
  </testcase>
  <testcase name="removeById_removesAnimalById" classname="models.EndangeredAnimalsTest" time="1.331">
    <error message="Could not acquire a connection from DataSource - FATAL: no pg_hba.conf entry for host &quot;41.84.152.6&quot;, user &quot;ubehwyfjkxozzy&quot;, database &quot;d8jlcrqdig8sdv&quot;, SSL off" type="org.sql2o.Sql2oException">org.sql2o.Sql2oException: Could not acquire a connection from DataSource - FATAL: no pg_hba.conf entry for host "41.84.152.6", user "ubehwyfjkxozzy", database "d8jlcrqdig8sdv", SSL off
Caused by: org.postgresql.util.PSQLException: FATAL: no pg_hba.conf entry for host "41.84.152.6", user "ubehwyfjkxozzy", database "d8jlcrqdig8sdv", SSL off
</error>
  </testcase>
  <testcase name="removeAll_clearsAnimalDatabase" classname="models.EndangeredAnimalsTest" time="1.433">
    <error message="Could not acquire a connection from DataSource - FATAL: no pg_hba.conf entry for host &quot;41.84.152.6&quot;, user &quot;ubehwyfjkxozzy&quot;, database &quot;d8jlcrqdig8sdv&quot;, SSL off" type="org.sql2o.Sql2oException">org.sql2o.Sql2oException: Could not acquire a connection from DataSource - FATAL: no pg_hba.conf entry for host "41.84.152.6", user "ubehwyfjkxozzy", database "d8jlcrqdig8sdv", SSL off
Caused by: org.postgresql.util.PSQLException: FATAL: no pg_hba.conf entry for host "41.84.152.6", user "ubehwyfjkxozzy", database "d8jlcrqdig8sdv", SSL off
</error>
  </testcase>
  <testcase name="save_savesAnimalToTheDatabase" classname="models.EndangeredAnimalsTest" time="1.309">
    <error message="Could not acquire a connection from DataSource - FATAL: no pg_hba.conf entry for host &quot;41.84.152.6&quot;, user &quot;ubehwyfjkxozzy&quot;, database &quot;d8jlcrqdig8sdv&quot;, SSL off" type="org.sql2o.Sql2oException">org.sql2o.Sql2oException: Could not acquire a connection from DataSource - FATAL: no pg_hba.conf entry for host "41.84.152.6", user "ubehwyfjkxozzy", database "d8jlcrqdig8sdv", SSL off
Caused by: org.postgresql.util.PSQLException: FATAL: no pg_hba.conf entry for host "41.84.152.6", user "ubehwyfjkxozzy", database "d8jlcrqdig8sdv", SSL off
</error>
  </testcase>
  <testcase name="getAll_returnsAllInstancesOfAnimal" classname="models.EndangeredAnimalsTest" time="1.352">
    <error message="Could not acquire a connection from DataSource - FATAL: no pg_hba.conf entry for host &quot;41.84.152.6&quot;, user &quot;ubehwyfjkxozzy&quot;, database &quot;d8jlcrqdig8sdv&quot;, SSL off" type="org.sql2o.Sql2oException">org.sql2o.Sql2oException: Could not acquire a connection from DataSource - FATAL: no pg_hba.conf entry for host "41.84.152.6", user "ubehwyfjkxozzy", database "d8jlcrqdig8sdv", SSL off
Caused by: org.postgresql.util.PSQLException: FATAL: no pg_hba.conf entry for host "41.84.152.6", user "ubehwyfjkxozzy", database "d8jlcrqdig8sdv", SSL off
</error>
  </testcase>
  <testcase name="save_assignsIdToAnimal" classname="models.EndangeredAnimalsTest" time="1.33">
    <error message="Could not acquire a connection from DataSource - FATAL: no pg_hba.conf entry for host &quot;41.84.152.6&quot;, user &quot;ubehwyfjkxozzy&quot;, database &quot;d8jlcrqdig8sdv&quot;, SSL off" type="org.sql2o.Sql2oException">org.sql2o.Sql2oException: Could not acquire a connection from DataSource - FATAL: no pg_hba.conf entry for host "41.84.152.6", user "ubehwyfjkxozzy", database "d8jlcrqdig8sdv", SSL off
Caused by: org.postgresql.util.PSQLException: FATAL: no pg_hba.conf entry for host "41.84.152.6", user "ubehwyfjkxozzy", database "d8jlcrqdig8sdv", SSL off
</error>
  </testcase>
  <testcase name="endangered_instantiatesWithName_String" classname="models.EndangeredAnimalsTest" time="0.614">
    <error message="Could not acquire a connection from DataSource - FATAL: no pg_hba.conf entry for host &quot;41.84.152.6&quot;, user &quot;ubehwyfjkxozzy&quot;, database &quot;d8jlcrqdig8sdv&quot;, SSL off" type="org.sql2o.Sql2oException">org.sql2o.Sql2oException: Could not acquire a connection from DataSource - FATAL: no pg_hba.conf entry for host "41.84.152.6", user "ubehwyfjkxozzy", database "d8jlcrqdig8sdv", SSL off
Caused by: org.postgresql.util.PSQLException: FATAL: no pg_hba.conf entry for host "41.84.152.6", user "ubehwyfjkxozzy", database "d8jlcrqdig8sdv", SSL off
</error>
  </testcase>
  <testcase name="find_returnsAnimalWithSameId_secondAnimal" classname="models.EndangeredAnimalsTest" time="1.33">
    <error message="Could not acquire a connection from DataSource - FATAL: no pg_hba.conf entry for host &quot;41.84.152.6&quot;, user &quot;ubehwyfjkxozzy&quot;, database &quot;d8jlcrqdig8sdv&quot;, SSL off" type="org.sql2o.Sql2oException">org.sql2o.Sql2oException: Could not acquire a connection from DataSource - FATAL: no pg_hba.conf entry for host "41.84.152.6", user "ubehwyfjkxozzy", database "d8jlcrqdig8sdv", SSL off
Caused by: org.postgresql.util.PSQLException: FATAL: no pg_hba.conf entry for host "41.84.152.6", user "ubehwyfjkxozzy", database "d8jlcrqdig8sdv", SSL off
</error>
  </testcase>
  <testcase name="equals_returnsTrueIfNameAndRangerIdAreSame_true" classname="models.EndangeredAnimalsTest" time="0.716">
    <error message="Could not acquire a connection from DataSource - FATAL: no pg_hba.conf entry for host &quot;41.84.152.6&quot;, user &quot;ubehwyfjkxozzy&quot;, database &quot;d8jlcrqdig8sdv&quot;, SSL off" type="org.sql2o.Sql2oException">org.sql2o.Sql2oException: Could not acquire a connection from DataSource - FATAL: no pg_hba.conf entry for host "41.84.152.6", user "ubehwyfjkxozzy", database "d8jlcrqdig8sdv", SSL off
Caused by: org.postgresql.util.PSQLException: FATAL: no pg_hba.conf entry for host "41.84.152.6", user "ubehwyfjkxozzy", database "d8jlcrqdig8sdv", SSL off
</error>
  </testcase>
  <testcase name="endangered_instantiatesWithRangerId_int" classname="models.EndangeredAnimalsTest" time="0.615">
    <error message="Could not acquire a connection from DataSource - FATAL: no pg_hba.conf entry for host &quot;41.84.152.6&quot;, user &quot;ubehwyfjkxozzy&quot;, database &quot;d8jlcrqdig8sdv&quot;, SSL off" type="org.sql2o.Sql2oException">org.sql2o.Sql2oException: Could not acquire a connection from DataSource - FATAL: no pg_hba.conf entry for host "41.84.152.6", user "ubehwyfjkxozzy", database "d8jlcrqdig8sdv", SSL off
Caused by: org.postgresql.util.PSQLException: FATAL: no pg_hba.conf entry for host "41.84.152.6", user "ubehwyfjkxozzy", database "d8jlcrqdig8sdv", SSL off
</error>
  </testcase>
</testsuite>