<?xml version="1.0" encoding="UTF-8"?>
<testsuite xmlns:xsi="http://www.w3.org/2001/XMLSchema-instance" xsi:schemaLocation="https://maven.apache.org/surefire/maven-surefire-plugin/xsd/surefire-test-report.xsd" name="models.EndangeredAnimalsTest" time="0.649" tests="11" errors="11" skipped="0" failures="0">
  <properties>
[...]
</properties>
  <testcase name="update_updatesAnimalDetails" classname="models.EndangeredAnimalsTest" time="0.547">
    <error message="Could not acquire a connection from DataSource - The connection attempt failed." type="org.sql2o.Sql2oException">org.sql2o.Sql2oException: Could not acquire a connection from DataSource - The connection attempt failed.
Caused by: org.postgresql.util.PSQLException: The connection attempt failed.
Caused by: java.net.UnknownHostException: aoizczhjwnjwso:4dd97d27fc56f55ec91001a254fc9be4e9205d50e84c4548c03036ca81bbee2d@ec2-52-202-22-140.compute-1.amazonaws.com
</error>
  </testcase>
  <testcase name="endangered_instantiatesCorrectly_true" classname="models.EndangeredAnimalsTest" time="0.002">
    <error message="Could not acquire a connection from DataSource - The connection attempt failed." type="org.sql2o.Sql2oException">org.sql2o.Sql2oException: Could not acquire a connection from DataSource - The connection attempt failed.
Caused by: org.postgresql.util.PSQLException: The connection attempt failed.
Caused by: java.net.UnknownHostException: aoizczhjwnjwso:4dd97d27fc56f55ec91001a254fc9be4e9205d50e84c4548c03036ca81bbee2d@ec2-52-202-22-140.compute-1.amazonaws.com
</error>
  </testcase>
  <testcase name="removeById_removesAnimalById" classname="models.EndangeredAnimalsTest" time="0.003">
    <error message="Could not acquire a connection from DataSource - The connection attempt failed." type="org.sql2o.Sql2oException">org.sql2o.Sql2oException: Could not acquire a connection from DataSource - The connection attempt failed.
Caused by: org.postgresql.util.PSQLException: The connection attempt failed.
Caused by: java.net.UnknownHostException: aoizczhjwnjwso:4dd97d27fc56f55ec91001a254fc9be4e9205d50e84c4548c03036ca81bbee2d@ec2-52-202-22-140.compute-1.amazonaws.com
</error>
  </testcase>
  <testcase name="removeAll_clearsAnimalDatabase" classname="models.EndangeredAnimalsTest" time="0.003">
    <error message="Could not acquire a connection from DataSource - The connection attempt failed." type="org.sql2o.Sql2oException">org.sql2o.Sql2oException: Could not acquire a connection from DataSource - The connection attempt failed.
Caused by: org.postgresql.util.PSQLException: The connection attempt failed.
Caused by: java.net.UnknownHostException: aoizczhjwnjwso:4dd97d27fc56f55ec91001a254fc9be4e9205d50e84c4548c03036ca81bbee2d@ec2-52-202-22-140.compute-1.amazonaws.com
</error>
  </testcase>
  <testcase name="save_savesAnimalToTheDatabase" classname="models.EndangeredAnimalsTest" time="0.003">
    <error message="Could not acquire a connection from DataSource - The connection attempt failed." type="org.sql2o.Sql2oException">org.sql2o.Sql2oException: Could not acquire a connection from DataSource - The connection attempt failed.
Caused by: org.postgresql.util.PSQLException: The connection attempt failed.
Caused by: java.net.UnknownHostException: aoizczhjwnjwso:4dd97d27fc56f55ec91001a254fc9be4e9205d50e84c4548c03036ca81bbee2d@ec2-52-202-22-140.compute-1.amazonaws.com
</error>
  </testcase>
  <testcase name="getAll_returnsAllInstancesOfAnimal" classname="models.EndangeredAnimalsTest" time="0.002">
    <error message="Could not acquire a connection from DataSource - The connection attempt failed." type="org.sql2o.Sql2oException">org.sql2o.Sql2oException: Could not acquire a connection from DataSource - The connection attempt failed.
Caused by: org.postgresql.util.PSQLException: The connection attempt failed.
Caused by: java.net.UnknownHostException: aoizczhjwnjwso:4dd97d27fc56f55ec91001a254fc9be4e9205d50e84c4548c03036ca81bbee2d@ec2-52-202-22-140.compute-1.amazonaws.com
</error>
  </testcase>
  <testcase name="save_assignsIdToAnimal" classname="models.EndangeredAnimalsTest" time="0.001">
    <error message="Could not acquire a connection from DataSource - The connection attempt failed." type="org.sql2o.Sql2oException">org.sql2o.Sql2oException: Could not acquire a connection from DataSource - The connection attempt failed.
Caused by: org.postgresql.util.PSQLException: The connection attempt failed.
Caused by: java.net.UnknownHostException: aoizczhjwnjwso:4dd97d27fc56f55ec91001a254fc9be4e9205d50e84c4548c03036ca81bbee2d@ec2-52-202-22-140.compute-1.amazonaws.com
</error>
  </testcase>
  <testcase name="endangered_instantiatesWithName_String" classname="models.EndangeredAnimalsTest" time="0.002">
    <error message="Could not acquire a connection from DataSource - The connection attempt failed." type="org.sql2o.Sql2oException">org.sql2o.Sql2oException: Could not acquire a connection from DataSource - The connection attempt failed.
Caused by: org.postgresql.util.PSQLException: The connection attempt failed.
Caused by: java.net.UnknownHostException: aoizczhjwnjwso:4dd97d27fc56f55ec91001a254fc9be4e9205d50e84c4548c03036ca81bbee2d@ec2-52-202-22-140.compute-1.amazonaws.com
</error>
  </testcase>
  <testcase name="find_returnsAnimalWithSameId_secondAnimal" classname="models.EndangeredAnimalsTest" time="0.001">
    <error message="Could not acquire a connection from DataSource - The connection attempt failed." type="org.sql2o.Sql2oException">org.sql2o.Sql2oException: Could not acquire a connection from DataSource - The connection attempt failed.
Caused by: org.postgresql.util.PSQLException: The connection attempt failed.
Caused by: java.net.UnknownHostException: aoizczhjwnjwso:4dd97d27fc56f55ec91001a254fc9be4e9205d50e84c4548c03036ca81bbee2d@ec2-52-202-22-140.compute-1.amazonaws.com
</error>
  </testcase>
  <testcase name="equals_returnsTrueIfNameAndRangerIdAreSame_true" classname="models.EndangeredAnimalsTest" time="0.001">
    <error message="Could not acquire a connection from DataSource - The connection attempt failed." type="org.sql2o.Sql2oException">org.sql2o.Sql2oException: Could not acquire a connection from DataSource - The connection attempt failed.
Caused by: org.postgresql.util.PSQLException: The connection attempt failed.
Caused by: java.net.UnknownHostException: aoizczhjwnjwso:4dd97d27fc56f55ec91001a254fc9be4e9205d50e84c4548c03036ca81bbee2d@ec2-52-202-22-140.compute-1.amazonaws.com
</error>
  </testcase>
  <testcase name="endangered_instantiatesWithRangerId_int" classname="models.EndangeredAnimalsTest" time="0.001">
    <error message="Could not acquire a connection from DataSource - The connection attempt failed." type="org.sql2o.Sql2oException">org.sql2o.Sql2oException: Could not acquire a connection from DataSource - The connection attempt failed.
Caused by: org.postgresql.util.PSQLException: The connection attempt failed.
Caused by: java.net.UnknownHostException: aoizczhjwnjwso:4dd97d27fc56f55ec91001a254fc9be4e9205d50e84c4548c03036ca81bbee2d@ec2-52-202-22-140.compute-1.amazonaws.com
</error>
  </testcase>
</testsuite>